2015/09/03 17:31:12 INFO  - jmeter.util.JMeterUtils: Setting Locale to en_IN 
2015/09/03 17:31:12 INFO  - jmeter.protocol.http.sampler.HTTPSamplerBase: Cannot find .className property for htmlParser, using default 
2015/09/03 17:31:12 INFO  - jmeter.protocol.http.sampler.HTTPSamplerBase: Parser for text/html is  
2015/09/03 17:31:12 INFO  - jmeter.protocol.http.sampler.HTTPSamplerBase: Parser for application/xhtml+xml is  
2015/09/03 17:31:12 INFO  - jmeter.protocol.http.sampler.HTTPSamplerBase: Parser for application/xml is  
2015/09/03 17:31:12 INFO  - jmeter.protocol.http.sampler.HTTPSamplerBase: Parser for text/xml is  
2015/09/03 17:31:12 INFO  - jmeter.protocol.http.sampler.HTTPSamplerBase: Parser for text/vnd.wap.wml is org.apache.jmeter.protocol.http.parser.RegexpHTMLParser 
2015/09/03 17:31:12 INFO  - jmeter.protocol.http.sampler.HTTPJavaImpl: Maximum connection retries = 10 
2015/09/03 17:31:13 INFO  - jmeter.engine.StandardJMeterEngine: Running the test! 
2015/09/03 17:31:13 INFO  - jmeter.samplers.SampleEvent: List of sample_variables: [] 
2015/09/03 17:31:13 INFO  - jmeter.samplers.SampleEvent: List of sample_variables: [] 
2015/09/03 17:31:13 INFO  - jmeter.engine.util.CompoundVariable: Note: Function class names must contain the string: '.functions.' 
2015/09/03 17:31:13 INFO  - jmeter.engine.util.CompoundVariable: Note: Function class names must not contain the string: '.gui.' 
2015/09/03 17:31:13 INFO  - jmeter.services.FileServer: Default base='C:\Users\20345\workspace\AlpsAPITest1.0' 
2015/09/03 17:31:13 INFO  - jmeter.save.SaveService: Testplan (JMX) version: 2.2. Testlog (JTL) version: 2.2 
2015/09/03 17:31:13 INFO  - jmeter.save.SaveService: Using SaveService properties file encoding UTF-8 
2015/09/03 17:31:13 INFO  - jmeter.save.SaveService: Using SaveService properties file version 1656252 
2015/09/03 17:31:13 INFO  - jmeter.save.SaveService: Using SaveService properties version 2.8 
2015/09/03 17:31:13 INFO  - jmeter.save.SaveService: All converter versions present and correct 
2015/09/03 17:31:13 INFO  - jmeter.engine.StandardJMeterEngine: Starting ThreadGroup: 1 : Sample Thread Group 
2015/09/03 17:31:13 INFO  - jmeter.engine.StandardJMeterEngine: Starting 1 threads for group Sample Thread Group. 
2015/09/03 17:31:13 INFO  - jmeter.engine.StandardJMeterEngine: Thread will continue on error 
2015/09/03 17:31:13 INFO  - jmeter.threads.ThreadGroup: Starting thread group number 1 threads 1 ramp-up 1 perThread 1000.0 delayedStart=false 
2015/09/03 17:31:13 INFO  - jmeter.threads.JMeterThread: jmeterthread.startearlier=true (see jmeter.properties) 
2015/09/03 17:31:13 INFO  - jmeter.threads.JMeterThread: Running PostProcessors in forward order 
2015/09/03 17:31:13 INFO  - jmeter.threads.ThreadGroup: Started thread group number 1 
2015/09/03 17:31:13 INFO  - jmeter.engine.StandardJMeterEngine: Starting ThreadGroup: 2 : Sample Thread Group 
2015/09/03 17:31:13 INFO  - jmeter.engine.StandardJMeterEngine: Starting 1 threads for group Sample Thread Group. 
2015/09/03 17:31:13 INFO  - jmeter.engine.StandardJMeterEngine: Thread will continue on error 
2015/09/03 17:31:13 INFO  - jmeter.threads.ThreadGroup: Starting thread group number 2 threads 1 ramp-up 1 perThread 1000.0 delayedStart=false 
2015/09/03 17:31:13 INFO  - jmeter.threads.ThreadGroup: Started thread group number 2 
2015/09/03 17:31:13 INFO  - jmeter.engine.StandardJMeterEngine: Starting ThreadGroup: 3 : Sample Thread Group 
2015/09/03 17:31:13 INFO  - jmeter.engine.StandardJMeterEngine: Starting 1 threads for group Sample Thread Group. 
2015/09/03 17:31:13 INFO  - jmeter.engine.StandardJMeterEngine: Thread will continue on error 
2015/09/03 17:31:13 INFO  - jmeter.threads.ThreadGroup: Starting thread group number 3 threads 1 ramp-up 1 perThread 1000.0 delayedStart=false 
2015/09/03 17:31:13 INFO  - jmeter.threads.ThreadGroup: Started thread group number 3 
2015/09/03 17:31:13 INFO  - jmeter.engine.StandardJMeterEngine: Starting ThreadGroup: 4 : Sample Thread Group 
2015/09/03 17:31:13 INFO  - jmeter.engine.StandardJMeterEngine: Starting 1 threads for group Sample Thread Group. 
2015/09/03 17:31:13 INFO  - jmeter.engine.StandardJMeterEngine: Thread will continue on error 
2015/09/03 17:31:13 INFO  - jmeter.threads.ThreadGroup: Starting thread group number 4 threads 1 ramp-up 1 perThread 1000.0 delayedStart=false 
2015/09/03 17:31:13 INFO  - jmeter.threads.ThreadGroup: Started thread group number 4 
2015/09/03 17:31:13 INFO  - jmeter.engine.StandardJMeterEngine: Starting ThreadGroup: 5 : Sample Thread Group 
2015/09/03 17:31:13 INFO  - jmeter.threads.JMeterThread: Thread started: Sample Thread Group 1-1 
2015/09/03 17:31:13 INFO  - jmeter.threads.JMeterThread: Thread started: Sample Thread Group 2-1 
2015/09/03 17:31:13 INFO  - jmeter.engine.StandardJMeterEngine: Starting 1 threads for group Sample Thread Group. 
2015/09/03 17:31:13 INFO  - jmeter.threads.JMeterThread: Thread started: Sample Thread Group 3-1 
2015/09/03 17:31:13 INFO  - jmeter.engine.StandardJMeterEngine: Thread will continue on error 
2015/09/03 17:31:13 INFO  - jmeter.threads.JMeterThread: Thread started: Sample Thread Group 4-1 
2015/09/03 17:31:13 INFO  - jmeter.threads.ThreadGroup: Starting thread group number 5 threads 1 ramp-up 1 perThread 1000.0 delayedStart=false 
2015/09/03 17:31:13 INFO  - jmeter.threads.ThreadGroup: Started thread group number 5 
2015/09/03 17:31:13 INFO  - jmeter.engine.StandardJMeterEngine: Starting ThreadGroup: 6 : Sample Thread Group 
2015/09/03 17:31:13 INFO  - jmeter.threads.JMeterThread: Thread started: Sample Thread Group 5-1 
2015/09/03 17:31:13 INFO  - jmeter.engine.StandardJMeterEngine: Starting 1 threads for group Sample Thread Group. 
2015/09/03 17:31:13 INFO  - jmeter.engine.StandardJMeterEngine: Thread will continue on error 
2015/09/03 17:31:13 INFO  - jmeter.threads.ThreadGroup: Starting thread group number 6 threads 1 ramp-up 1 perThread 1000.0 delayedStart=false 
2015/09/03 17:31:13 INFO  - jmeter.threads.ThreadGroup: Started thread group number 6 
2015/09/03 17:31:13 INFO  - jmeter.engine.StandardJMeterEngine: Starting ThreadGroup: 7 : Sample Thread Group 
2015/09/03 17:31:13 INFO  - jmeter.engine.StandardJMeterEngine: Starting 1 threads for group Sample Thread Group. 
2015/09/03 17:31:13 INFO  - jmeter.engine.StandardJMeterEngine: Thread will continue on error 
2015/09/03 17:31:13 INFO  - jmeter.threads.JMeterThread: Thread started: Sample Thread Group 6-1 
2015/09/03 17:31:13 INFO  - jmeter.threads.ThreadGroup: Starting thread group number 7 threads 1 ramp-up 1 perThread 1000.0 delayedStart=false 
2015/09/03 17:31:13 INFO  - jmeter.threads.ThreadGroup: Started thread group number 7 
2015/09/03 17:31:13 INFO  - jmeter.engine.StandardJMeterEngine: Starting ThreadGroup: 8 : Sample Thread Group 
2015/09/03 17:31:13 INFO  - jmeter.engine.StandardJMeterEngine: Starting 1 threads for group Sample Thread Group. 
2015/09/03 17:31:13 INFO  - jmeter.engine.StandardJMeterEngine: Thread will continue on error 
2015/09/03 17:31:13 INFO  - jmeter.threads.ThreadGroup: Starting thread group number 8 threads 1 ramp-up 1 perThread 1000.0 delayedStart=false 
2015/09/03 17:31:13 INFO  - jmeter.threads.JMeterThread: Thread started: Sample Thread Group 7-1 
2015/09/03 17:31:13 INFO  - jmeter.threads.ThreadGroup: Started thread group number 8 
2015/09/03 17:31:13 INFO  - jmeter.engine.StandardJMeterEngine: Starting ThreadGroup: 9 : Sample Thread Group 
2015/09/03 17:31:13 INFO  - jmeter.engine.StandardJMeterEngine: Starting 1 threads for group Sample Thread Group. 
2015/09/03 17:31:13 INFO  - jmeter.engine.StandardJMeterEngine: Thread will continue on error 
2015/09/03 17:31:13 INFO  - jmeter.threads.ThreadGroup: Starting thread group number 9 threads 1 ramp-up 1 perThread 1000.0 delayedStart=false 
2015/09/03 17:31:13 INFO  - jmeter.threads.ThreadGroup: Started thread group number 9 
2015/09/03 17:31:13 INFO  - jmeter.engine.StandardJMeterEngine: Starting ThreadGroup: 10 : Sample Thread Group 
2015/09/03 17:31:13 INFO  - jmeter.engine.StandardJMeterEngine: Starting 1 threads for group Sample Thread Group. 
2015/09/03 17:31:13 INFO  - jmeter.engine.StandardJMeterEngine: Thread will continue on error 
2015/09/03 17:31:13 INFO  - jmeter.threads.ThreadGroup: Starting thread group number 10 threads 1 ramp-up 1 perThread 1000.0 delayedStart=false 
2015/09/03 17:31:13 INFO  - jmeter.threads.JMeterThread: Thread started: Sample Thread Group 9-1 
2015/09/03 17:31:13 INFO  - jmeter.threads.JMeterThread: Thread started: Sample Thread Group 8-1 
2015/09/03 17:31:13 INFO  - jmeter.threads.ThreadGroup: Started thread group number 10 
2015/09/03 17:31:13 INFO  - jmeter.engine.StandardJMeterEngine: Starting ThreadGroup: 11 : Sample Thread Group 
2015/09/03 17:31:13 INFO  - jmeter.engine.StandardJMeterEngine: Starting 1 threads for group Sample Thread Group. 
2015/09/03 17:31:13 INFO  - jmeter.engine.StandardJMeterEngine: Thread will continue on error 
2015/09/03 17:31:13 INFO  - jmeter.threads.ThreadGroup: Starting thread group number 11 threads 1 ramp-up 1 perThread 1000.0 delayedStart=false 
2015/09/03 17:31:13 INFO  - jmeter.threads.JMeterThread: Thread started: Sample Thread Group 10-1 
2015/09/03 17:31:13 INFO  - jmeter.threads.ThreadGroup: Started thread group number 11 
2015/09/03 17:31:13 INFO  - jmeter.engine.StandardJMeterEngine: Starting ThreadGroup: 12 : Sample Thread Group 
2015/09/03 17:31:13 INFO  - jmeter.engine.StandardJMeterEngine: Starting 1 threads for group Sample Thread Group. 
2015/09/03 17:31:13 INFO  - jmeter.engine.StandardJMeterEngine: Thread will continue on error 
2015/09/03 17:31:13 INFO  - jmeter.threads.ThreadGroup: Starting thread group number 12 threads 1 ramp-up 1 perThread 1000.0 delayedStart=false 
2015/09/03 17:31:13 INFO  - jmeter.threads.JMeterThread: Thread started: Sample Thread Group 11-1 
2015/09/03 17:31:13 INFO  - jmeter.threads.ThreadGroup: Started thread group number 12 
2015/09/03 17:31:13 INFO  - jmeter.engine.StandardJMeterEngine: All thread groups have been started 
2015/09/03 17:31:13 INFO  - jmeter.threads.JMeterThread: Thread started: Sample Thread Group 12-1 
2015/09/03 17:31:13 INFO  - jmeter.samplers.SampleResult: Note: Sample TimeStamps are START times 
2015/09/03 17:31:13 INFO  - jmeter.samplers.SampleResult: sampleresult.default.encoding is set to ISO-8859-1 
2015/09/03 17:31:13 INFO  - jmeter.samplers.SampleResult: sampleresult.useNanoTime=true 
2015/09/03 17:31:13 INFO  - jmeter.samplers.SampleResult: sampleresult.nanoThreadSleep=5000 
2015/09/03 17:31:14 INFO  - jmeter.threads.JMeterThread: Thread is done: Sample Thread Group 12-1 
2015/09/03 17:31:14 INFO  - jmeter.threads.JMeterThread: Thread finished: Sample Thread Group 12-1 
2015/09/03 17:31:14 INFO  - jmeter.threads.JMeterThread: Thread is done: Sample Thread Group 11-1 
2015/09/03 17:31:14 INFO  - jmeter.threads.JMeterThread: Thread finished: Sample Thread Group 11-1 
2015/09/03 17:31:14 INFO  - jmeter.threads.JMeterThread: Thread is done: Sample Thread Group 7-1 
2015/09/03 17:31:14 INFO  - jmeter.threads.JMeterThread: Thread finished: Sample Thread Group 7-1 
2015/09/03 17:31:14 INFO  - jmeter.threads.JMeterThread: Thread is done: Sample Thread Group 4-1 
2015/09/03 17:31:14 INFO  - jmeter.threads.JMeterThread: Thread finished: Sample Thread Group 4-1 
2015/09/03 17:31:14 INFO  - jmeter.threads.JMeterThread: Thread is done: Sample Thread Group 10-1 
2015/09/03 17:31:14 INFO  - jmeter.threads.JMeterThread: Thread finished: Sample Thread Group 10-1 
2015/09/03 17:31:14 INFO  - jmeter.threads.JMeterThread: Thread is done: Sample Thread Group 8-1 
2015/09/03 17:31:14 INFO  - jmeter.threads.JMeterThread: Thread finished: Sample Thread Group 8-1 
2015/09/03 17:31:14 INFO  - jmeter.threads.JMeterThread: Thread is done: Sample Thread Group 1-1 
2015/09/03 17:31:14 INFO  - jmeter.threads.JMeterThread: Thread finished: Sample Thread Group 1-1 
2015/09/03 17:31:14 INFO  - jmeter.threads.JMeterThread: Thread is done: Sample Thread Group 9-1 
2015/09/03 17:31:14 INFO  - jmeter.threads.JMeterThread: Thread finished: Sample Thread Group 9-1 
2015/09/03 17:31:14 INFO  - jmeter.threads.JMeterThread: Thread is done: Sample Thread Group 3-1 
2015/09/03 17:31:14 INFO  - jmeter.threads.JMeterThread: Thread finished: Sample Thread Group 3-1 
2015/09/03 17:31:14 INFO  - jmeter.threads.JMeterThread: Thread is done: Sample Thread Group 2-1 
2015/09/03 17:31:14 INFO  - jmeter.threads.JMeterThread: Thread finished: Sample Thread Group 2-1 
2015/09/03 17:31:14 INFO  - jmeter.threads.JMeterThread: Thread is done: Sample Thread Group 5-1 
2015/09/03 17:31:14 INFO  - jmeter.threads.JMeterThread: Thread finished: Sample Thread Group 5-1 
2015/09/03 17:31:14 INFO  - jmeter.threads.JMeterThread: Thread is done: Sample Thread Group 6-1 
2015/09/03 17:31:14 INFO  - jmeter.threads.JMeterThread: Thread finished: Sample Thread Group 6-1 
2015/09/03 17:31:14 INFO  - jmeter.engine.StandardJMeterEngine: Notifying test listeners of end of test 
2015/09/03 17:31:14 INFO  - jmeter.reporters.Summariser: summary =     24 in     1s =   23.6/s Avg:   750 Min:   666 Max:   780 Err:     0 (0.00%) 
